<?xml version="1.0" encoding="UTF-8"?>
<!-- Generated by org.testng.reporters.JUnitXMLReporter -->
<testsuite ignored="2" hostname="LAPTOP-2S13CC9O" failures="0" tests="1" name="Test" time="12.667" errors="0" timestamp="2024-07-21T20:19:58 IST">
  <testcase classname="com.npvtest.testcases.StartNowTest" name="VerifyStartNowButton" time="0.335"/>
  <testcase classname="com.npvtest.testcases.BaseClass" name="@AfterTest teardown" time="0.0">
    <ignored/>
  </testcase> <!-- @AfterTest teardown -->
  <testcase classname="com.npvtest.testcases.BaseClass" name="@BeforeTest setup" time="0.0">
    <ignored/>
  </testcase> <!-- @BeforeTest setup -->
</testsuite> <!-- Test -->
